[06-12-2018 09:05:12] PayPal\Core\PayPalHttpConnection : INFO: POST https://api.sandbox.paypal.com/v1/oauth2/token
[06-12-2018 09:05:14] PayPal\Core\PayPalHttpConnection : INFO: Response Status 	: 200
[06-12-2018 09:05:14] PayPal\Core\PayPalHttpConnection : INFO: POST https://api.sandbox.paypal.com/v1/payments/payment
[06-12-2018 09:05:17] PayPal\Core\PayPalHttpConnection : INFO: Response Status 	: 201
[06-12-2018 09:06:21] PayPal\Core\PayPalHttpConnection : INFO: POST https://api.sandbox.paypal.com/v1/oauth2/token
[06-12-2018 09:06:23] PayPal\Core\PayPalHttpConnection : INFO: Response Status 	: 200
[06-12-2018 09:06:23] PayPal\Core\PayPalHttpConnection : INFO: GET https://api.sandbox.paypal.com/v1/payments/payment/PAY-7NM145890T0961147LQEOMTQ
[06-12-2018 09:06:25] PayPal\Core\PayPalHttpConnection : INFO: Response Status 	: 200
[06-12-2018 09:06:25] PayPal\Core\PayPalHttpConnection : INFO: POST https://api.sandbox.paypal.com/v1/payments/payment/PAY-7NM145890T0961147LQEOMTQ/execute
[06-12-2018 09:06:28] PayPal\Core\PayPalHttpConnection : INFO: Response Status 	: 200
[06-12-2018 09:07:35] PayPal\Core\PayPalHttpConnection : INFO: POST https://api.sandbox.paypal.com/v1/oauth2/token
[06-12-2018 09:07:37] PayPal\Core\PayPalHttpConnection : INFO: Response Status 	: 200
[06-12-2018 09:07:37] PayPal\Core\PayPalHttpConnection : INFO: GET https://api.sandbox.paypal.com/v1/payments/payment/PAY-7NM145890T0961147LQEOMTQ
[06-12-2018 09:07:38] PayPal\Core\PayPalHttpConnection : INFO: Response Status 	: 200
[06-12-2018 09:07:38] PayPal\Core\PayPalHttpConnection : INFO: POST https://api.sandbox.paypal.com/v1/payments/payment/PAY-7NM145890T0961147LQEOMTQ/execute
[06-12-2018 09:07:40] PayPal\Core\PayPalHttpConnection : INFO: Response Status 	: 400
[06-12-2018 09:07:40] PayPal\Core\PayPalHttpConnection : ERROR: Got Http response code 400 when accessing https://api.sandbox.paypal.com/v1/payments/payment/PAY-7NM145890T0961147LQEOMTQ/execute. {"name":"PAYMENT_ALREADY_DONE","message":"Payment has been done already for this cart.","information_link":"https://developer.paypal.com/docs/api/payments/#errors","debug_id":"606afd742b784"}
[06-12-2018 09:07:52] PayPal\Core\PayPalHttpConnection : INFO: POST https://api.sandbox.paypal.com/v1/oauth2/token
[06-12-2018 09:07:53] PayPal\Core\PayPalHttpConnection : INFO: Response Status 	: 200
[06-12-2018 09:07:53] PayPal\Core\PayPalHttpConnection : INFO: POST https://api.sandbox.paypal.com/v1/payments/payment
[06-12-2018 09:07:55] PayPal\Core\PayPalHttpConnection : INFO: Response Status 	: 201
[06-12-2018 09:08:15] PayPal\Core\PayPalHttpConnection : INFO: POST https://api.sandbox.paypal.com/v1/oauth2/token
[06-12-2018 09:08:17] PayPal\Core\PayPalHttpConnection : INFO: Response Status 	: 200
[06-12-2018 09:08:17] PayPal\Core\PayPalHttpConnection : INFO: GET https://api.sandbox.paypal.com/v1/payments/payment/PAY-7FJ13300AS0465211LQEON3I
[06-12-2018 09:08:19] PayPal\Core\PayPalHttpConnection : INFO: Response Status 	: 200
[06-12-2018 09:08:19] PayPal\Core\PayPalHttpConnection : INFO: POST https://api.sandbox.paypal.com/v1/payments/payment/PAY-7FJ13300AS0465211LQEON3I/execute
[06-12-2018 09:08:21] PayPal\Core\PayPalHttpConnection : INFO: Response Status 	: 200
[06-12-2018 09:09:22] PayPal\Core\PayPalHttpConnection : INFO: POST https://api.sandbox.paypal.com/v1/oauth2/token
[06-12-2018 09:09:23] PayPal\Core\PayPalHttpConnection : INFO: Response Status 	: 200
[06-12-2018 09:09:23] PayPal\Core\PayPalHttpConnection : INFO: POST https://api.sandbox.paypal.com/v1/payments/payment
[06-12-2018 09:09:25] PayPal\Core\PayPalHttpConnection : INFO: Response Status 	: 201
[06-12-2018 09:09:37] PayPal\Core\PayPalHttpConnection : INFO: POST https://api.sandbox.paypal.com/v1/oauth2/token
[06-12-2018 09:09:39] PayPal\Core\PayPalHttpConnection : INFO: Response Status 	: 200
[06-12-2018 09:09:39] PayPal\Core\PayPalHttpConnection : INFO: GET https://api.sandbox.paypal.com/v1/payments/payment/PAY-0Y448302HE2589608LQEOORY
[06-12-2018 09:09:41] PayPal\Core\PayPalHttpConnection : INFO: Response Status 	: 200
[06-12-2018 09:09:41] PayPal\Core\PayPalHttpConnection : INFO: POST https://api.sandbox.paypal.com/v1/payments/payment/PAY-0Y448302HE2589608LQEOORY/execute
[06-12-2018 09:09:44] PayPal\Core\PayPalHttpConnection : INFO: Response Status 	: 200
[06-12-2018 09:10:04] PayPal\Core\PayPalHttpConnection : INFO: POST https://api.sandbox.paypal.com/v1/oauth2/token
[06-12-2018 09:10:05] PayPal\Core\PayPalHttpConnection : INFO: Response Status 	: 200
[06-12-2018 09:10:05] PayPal\Core\PayPalHttpConnection : INFO: POST https://api.sandbox.paypal.com/v1/payments/payment
[06-12-2018 09:10:07] PayPal\Core\PayPalHttpConnection : INFO: Response Status 	: 201
[17-12-2018 12:56:43] PayPal\Core\PayPalHttpConnection : INFO: POST https://api.sandbox.paypal.com/v1/oauth2/token
[17-12-2018 12:56:46] PayPal\Core\PayPalHttpConnection : INFO: Response Status 	: 200
[17-12-2018 12:56:46] PayPal\Core\PayPalHttpConnection : INFO: POST https://api.sandbox.paypal.com/v1/payments/payment
[17-12-2018 12:56:48] PayPal\Core\PayPalHttpConnection : INFO: Response Status 	: 201
[17-12-2018 12:58:07] PayPal\Core\PayPalHttpConnection : INFO: POST https://api.sandbox.paypal.com/v1/oauth2/token
[17-12-2018 12:58:09] PayPal\Core\PayPalHttpConnection : INFO: Response Status 	: 200
[17-12-2018 12:58:09] PayPal\Core\PayPalHttpConnection : INFO: GET https://api.sandbox.paypal.com/v1/payments/payment/PAY-6GF68148LL7955517LQLZ2EA
[17-12-2018 12:58:11] PayPal\Core\PayPalHttpConnection : INFO: Response Status 	: 200
[17-12-2018 12:58:11] PayPal\Core\PayPalHttpConnection : INFO: POST https://api.sandbox.paypal.com/v1/payments/payment/PAY-6GF68148LL7955517LQLZ2EA/execute
[17-12-2018 12:58:14] PayPal\Core\PayPalHttpConnection : INFO: Response Status 	: 200
[18-12-2018 08:51:13] PayPal\Core\PayPalHttpConnection : INFO: POST https://api.sandbox.paypal.com/v1/oauth2/token
[18-12-2018 08:51:15] PayPal\Core\PayPalHttpConnection : INFO: Response Status 	: 200
[18-12-2018 08:51:15] PayPal\Core\PayPalHttpConnection : INFO: POST https://api.sandbox.paypal.com/v1/payments/payment
[18-12-2018 08:51:18] PayPal\Core\PayPalHttpConnection : INFO: Response Status 	: 201
[18-12-2018 08:51:49] PayPal\Core\PayPalHttpConnection : INFO: POST https://api.sandbox.paypal.com/v1/oauth2/token
[18-12-2018 08:51:52] PayPal\Core\PayPalHttpConnection : INFO: Response Status 	: 200
[18-12-2018 08:51:52] PayPal\Core\PayPalHttpConnection : INFO: GET https://api.sandbox.paypal.com/v1/payments/payment/PAY-67P06119HP6277310LQMLKBY
[18-12-2018 08:51:54] PayPal\Core\PayPalHttpConnection : INFO: Response Status 	: 200
[18-12-2018 08:51:54] PayPal\Core\PayPalHttpConnection : INFO: POST https://api.sandbox.paypal.com/v1/payments/payment/PAY-67P06119HP6277310LQMLKBY/execute
[18-12-2018 08:51:57] PayPal\Core\PayPalHttpConnection : INFO: Response Status 	: 200
[18-12-2018 09:07:05] PayPal\Core\PayPalHttpConnection : INFO: POST https://api.sandbox.paypal.com/v1/oauth2/token
[18-12-2018 09:07:08] PayPal\Core\PayPalHttpConnection : INFO: Response Status 	: 200
[18-12-2018 09:07:08] PayPal\Core\PayPalHttpConnection : INFO: POST https://api.sandbox.paypal.com/v1/payments/payment
[18-12-2018 09:07:10] PayPal\Core\PayPalHttpConnection : INFO: Response Status 	: 201
[18-12-2018 09:07:43] PayPal\Core\PayPalHttpConnection : INFO: POST https://api.sandbox.paypal.com/v1/oauth2/token
[18-12-2018 09:07:45] PayPal\Core\PayPalHttpConnection : INFO: Response Status 	: 200
[18-12-2018 09:07:45] PayPal\Core\PayPalHttpConnection : INFO: GET https://api.sandbox.paypal.com/v1/payments/payment/PAY-2XB63085DK529442DLQMLRPY
[18-12-2018 09:07:47] PayPal\Core\PayPalHttpConnection : INFO: Response Status 	: 200
[18-12-2018 09:07:47] PayPal\Core\PayPalHttpConnection : INFO: POST https://api.sandbox.paypal.com/v1/payments/payment/PAY-2XB63085DK529442DLQMLRPY/execute
[18-12-2018 09:07:50] PayPal\Core\PayPalHttpConnection : INFO: Response Status 	: 200
[18-12-2018 13:43:25] PayPal\Core\PayPalHttpConnection : INFO: POST https://api.sandbox.paypal.com/v1/oauth2/token
[18-12-2018 13:43:27] PayPal\Core\PayPalHttpConnection : INFO: Response Status 	: 200
[18-12-2018 13:43:27] PayPal\Core\PayPalHttpConnection : INFO: POST https://api.sandbox.paypal.com/v1/payments/payment
[18-12-2018 13:43:30] PayPal\Core\PayPalHttpConnection : INFO: Response Status 	: 201
[18-12-2018 13:43:57] PayPal\Core\PayPalHttpConnection : INFO: POST https://api.sandbox.paypal.com/v1/oauth2/token
[18-12-2018 13:43:58] PayPal\Core\PayPalHttpConnection : INFO: Response Status 	: 200
[18-12-2018 13:43:58] PayPal\Core\PayPalHttpConnection : INFO: GET https://api.sandbox.paypal.com/v1/payments/payment/PAY-328807697N4112509LQMPTAY
[18-12-2018 13:44:00] PayPal\Core\PayPalHttpConnection : INFO: Response Status 	: 200
[18-12-2018 13:44:00] PayPal\Core\PayPalHttpConnection : INFO: POST https://api.sandbox.paypal.com/v1/payments/payment/PAY-328807697N4112509LQMPTAY/execute
[18-12-2018 13:44:03] PayPal\Core\PayPalHttpConnection : INFO: Response Status 	: 200
[29-12-2018 21:35:55] PayPal\Core\PayPalHttpConnection : INFO: POST https://api.sandbox.paypal.com/v1/oauth2/token
[29-12-2018 21:35:57] PayPal\Core\PayPalHttpConnection : INFO: Response Status 	: 200
[29-12-2018 21:35:57] PayPal\Core\PayPalHttpConnection : INFO: POST https://api.sandbox.paypal.com/v1/payments/payment
[29-12-2018 21:36:00] PayPal\Core\PayPalHttpConnection : INFO: Response Status 	: 201
[29-12-2018 21:36:41] PayPal\Core\PayPalHttpConnection : INFO: POST https://api.sandbox.paypal.com/v1/oauth2/token
[29-12-2018 21:36:43] PayPal\Core\PayPalHttpConnection : INFO: Response Status 	: 200
[29-12-2018 21:36:43] PayPal\Core\PayPalHttpConnection : INFO: GET https://api.sandbox.paypal.com/v1/payments/payment/PAY-82Y059914Y044334PLQT6RQA
[29-12-2018 21:36:45] PayPal\Core\PayPalHttpConnection : INFO: Response Status 	: 200
[29-12-2018 21:36:45] PayPal\Core\PayPalHttpConnection : INFO: POST https://api.sandbox.paypal.com/v1/payments/payment/PAY-82Y059914Y044334PLQT6RQA/execute
[29-12-2018 21:36:48] PayPal\Core\PayPalHttpConnection : INFO: Response Status 	: 200
